1631288381855	geckodriver	INFO	Listening on 127.0.0.1:44903
1631288381859	mozrunner::runner	INFO	Running command: "/usr/bin/firefox" "--marionette" "-foreground" "-no-remote" "-profile" "/tmp/rust_mozprofileYKgFiL"
1631288382722	Marionette	INFO	Marionette enabled
console.warn: SearchSettings: "get: No settings file exists, new profile?" (new NotFoundError("Could not open the file at /tmp/rust_mozprofileYKgFiL/search.json.mozlz4", (void 0)))
1631288385501	Marionette	INFO	Listening on port 39735
1631288385610	RemoteAgent	WARN	TLS certificate errors will be ignored for this session
console.log: WebExtensions: reset-default-search: starting.
console.log: WebExtensions: reset-default-search: No addons in our list are installed.
1631295149343	Marionette	INFO	Stopped listening on port 39735
JavaScript error: resource:///modules/Interactions.jsm, line 209: NS_ERROR_FAILURE: Component returned failure code: 0x80004005 (NS_ERROR_FAILURE) [nsIUserIdleService.removeIdleObserver]
1631295151794	geckodriver	INFO	Listening on 127.0.0.1:58985
1631295152805	mozrunner::runner	INFO	Running command: "/usr/bin/firefox" "--marionette" "-foreground" "-no-remote" "-profile" "/tmp/rust_mozprofileVrZXSb"
1631295153836	Marionette	INFO	Marionette enabled
console.warn: SearchSettings: "get: No settings file exists, new profile?" (new NotFoundError("Could not open the file at /tmp/rust_mozprofileVrZXSb/search.json.mozlz4", (void 0)))
1631295156238	Marionette	INFO	Listening on port 34717
1631295156331	RemoteAgent	WARN	TLS certificate errors will be ignored for this session
console.log: WebExtensions: reset-default-search: starting.
console.log: WebExtensions: reset-default-search: No addons in our list are installed.
1631295715675	Marionette	INFO	Stopped listening on port 34717
JavaScript error: resource:///modules/Interactions.jsm, line 209: NS_ERROR_FAILURE: Component returned failure code: 0x80004005 (NS_ERROR_FAILURE) [nsIUserIdleService.removeIdleObserver]

###!!! [Parent][RunMessage] Error: Channel closing: too late to send/recv, messages will be lost

1631295935500	geckodriver	INFO	Listening on 127.0.0.1:34849
1631295936509	mozrunner::runner	INFO	Running command: "/usr/bin/firefox" "--marionette" "-foreground" "-no-remote" "-profile" "/tmp/rust_mozprofileNvXzv4"
1631295937294	Marionette	INFO	Marionette enabled
console.warn: SearchSettings: "get: No settings file exists, new profile?" (new NotFoundError("Could not open the file at /tmp/rust_mozprofileNvXzv4/search.json.mozlz4", (void 0)))
1631295939328	Marionette	INFO	Listening on port 45003
1631295939432	RemoteAgent	WARN	TLS certificate errors will be ignored for this session
1631295941453	Marionette	INFO	Stopped listening on port 45003
JavaScript error: https://www.geeksforgeeks.org/wp-content/themes/iconic-one/js/gfg.min.js?ver=10.76, line 2: TypeError: loginData is undefined
JavaScript error: resource://gre/modules/Prompter.jsm, line 1253: NS_ERROR_NOT_AVAILABLE: prompt aborted by user
JavaScript error: resource:///modules/Interactions.jsm, line 209: NS_ERROR_FAILURE: Component returned failure code: 0x80004005 (NS_ERROR_FAILURE) [nsIUserIdleService.removeIdleObserver]

###!!! [Parent][RunMessage] Error: Channel closing: too late to send/recv, messages will be lost

1631296013047	geckodriver	INFO	Listening on 127.0.0.1:50993
1631296013050	mozrunner::runner	INFO	Running command: "/usr/bin/firefox" "--marionette" "-foreground" "-no-remote" "-profile" "/tmp/rust_mozprofileazUWCr"
1631296013935	Marionette	INFO	Marionette enabled
console.warn: SearchSettings: "get: No settings file exists, new profile?" (new NotFoundError("Could not open the file at /tmp/rust_mozprofileazUWCr/search.json.mozlz4", (void 0)))
1631296015996	Marionette	INFO	Listening on port 40449
1631296016086	RemoteAgent	WARN	TLS certificate errors will be ignored for this session
JavaScript warning: https://www.googletagmanager.com/gtm.js?id=GTM-NH7H68, line 334: unreachable code after return statement
1631296022468	Marionette	WARN	Ignoring event 'pageshow' because document has an invalid readyState of 'interactive'.
1631296118487	Marionette	INFO	Stopped listening on port 40449
JavaScript error: resource://gre/modules/Prompter.jsm, line 1253: NS_ERROR_NOT_AVAILABLE: prompt aborted by user
JavaScript error: resource:///modules/Interactions.jsm, line 209: NS_ERROR_FAILURE: Component returned failure code: 0x80004005 (NS_ERROR_FAILURE) [nsIUserIdleService.removeIdleObserver]

###!!! [Parent][RunMessage] Error: Channel closing: too late to send/recv, messages will be lost

1633072869152	geckodriver	INFO	Listening on 127.0.0.1:38463
1633072870151	mozrunner::runner	INFO	Running command: "/usr/bin/firefox" "--marionette" "-foreground" "-no-remote" "-profile" "/tmp/rust_mozprofileJyfoda"
1633072872975	Marionette	INFO	Marionette enabled
console.warn: SearchSettings: "get: No settings file exists, new profile?" (new NotFoundError("Could not open the file at /tmp/rust_mozprofileJyfoda/search.json.mozlz4", (void 0)))
1633072874204	Marionette	INFO	Listening on port 40471
1633072874278	RemoteAgent	WARN	TLS certificate errors will be ignored for this session
JavaScript warning: https://www.googletagmanager.com/gtm.js?id=GTM-NH7H68, line 366: unreachable code after return statement
1633072881289	Marionette	WARN	Ignoring event 'pageshow' because document has an invalid readyState of 'interactive'.
Exiting due to channel error.
Exiting due to channel error.
Exiting due to channel error.
1633072991742	geckodriver	INFO	Listening on 127.0.0.1:45517
1633072991746	mozrunner::runner	INFO	Running command: "/usr/bin/firefox" "--marionette" "-foreground" "-no-remote" "-profile" "/tmp/rust_mozprofileiuyfAV"
1633072994131	Marionette	INFO	Marionette enabled
console.warn: SearchSettings: "get: No settings file exists, new profile?" (new NotFoundError("Could not open the file at /tmp/rust_mozprofileiuyfAV/search.json.mozlz4", (void 0)))
1633072995340	Marionette	INFO	Listening on port 45825
1633072995389	RemoteAgent	WARN	TLS certificate errors will be ignored for this session
JavaScript warning: https://www.googletagmanager.com/gtm.js?id=GTM-NH7H68, line 366: unreachable code after return statement
1633073002063	Marionette	WARN	Ignoring event 'pageshow' because document has an invalid readyState of 'interactive'.
JavaScript error: resource://devtools/server/actors/network-monitor/network-event-actor.js, line 109: Error: Got a request https://cdn.extrastores.com/hybris/cdn/stage-september-20-2021-national-day-theme/_ui/responsive/theme-extra/css/style_homepage-rtl.min.css?v=e7ebd486d642cde238480587d70c15f1 without a browsingContextID set
1633073094863	Marionette	INFO	Stopped listening on port 45825
JavaScript error: resource:///modules/Interactions.jsm, line 230: NS_ERROR_FAILURE: Component returned failure code: 0x80004005 (NS_ERROR_FAILURE) [nsIUserIdleService.removeIdleObserver]
1633075172941	geckodriver	INFO	Listening on 127.0.0.1:52127
1633075172944	mozrunner::runner	INFO	Running command: "/usr/bin/firefox" "--marionette" "-foreground" "-no-remote" "-profile" "/tmp/rust_mozprofilefvLj31"
1633075175354	Marionette	INFO	Marionette enabled
console.warn: SearchSettings: "get: No settings file exists, new profile?" (new NotFoundError("Could not open the file at /tmp/rust_mozprofilefvLj31/search.json.mozlz4", (void 0)))
1633075176985	Marionette	INFO	Listening on port 40665
1633075177070	RemoteAgent	WARN	TLS certificate errors will be ignored for this session
JavaScript warning: https://www.googletagmanager.com/gtm.js?id=GTM-NH7H68, line 366: unreachable code after return statement
1633075184242	Marionette	WARN	Ignoring event 'pageshow' because document has an invalid readyState of 'interactive'.
1633075277242	Marionette	INFO	Stopped listening on port 40665
JavaScript error: resource:///modules/Interactions.jsm, line 230: NS_ERROR_FAILURE: Component returned failure code: 0x80004005 (NS_ERROR_FAILURE) [nsIUserIdleService.removeIdleObserver]
1633077421773	geckodriver	INFO	Listening on 127.0.0.1:40031
1633077421776	mozrunner::runner	INFO	Running command: "/usr/bin/firefox" "--marionette" "-foreground" "-no-remote" "-profile" "/tmp/rust_mozprofile62WMeD"
1633077424412	Marionette	INFO	Marionette enabled
console.warn: SearchSettings: "get: No settings file exists, new profile?" (new NotFoundError("Could not open the file at /tmp/rust_mozprofile62WMeD/search.json.mozlz4", (void 0)))
1633077425835	Marionette	INFO	Listening on port 38073
1633077425896	RemoteAgent	WARN	TLS certificate errors will be ignored for this session
JavaScript warning: https://www.googletagmanager.com/gtm.js?id=GTM-NH7H68, line 366: unreachable code after return statement
1633077431811	Marionette	WARN	Ignoring event 'pageshow' because document has an invalid readyState of 'interactive'.
1633077521357	Marionette	INFO	Stopped listening on port 38073
JavaScript error: resource:///modules/Interactions.jsm, line 230: NS_ERROR_FAILURE: Component returned failure code: 0x80004005 (NS_ERROR_FAILURE) [nsIUserIdleService.removeIdleObserver]

###!!! [Parent][RunMessage] Error: Channel closing: too late to send/recv, messages will be lost

1633077884424	geckodriver	INFO	Listening on 127.0.0.1:52527
1633077884426	mozrunner::runner	INFO	Running command: "/usr/bin/firefox" "--marionette" "-foreground" "-no-remote" "-profile" "/tmp/rust_mozprofileT0XVWx"
1633077886756	Marionette	INFO	Marionette enabled
console.warn: SearchSettings: "get: No settings file exists, new profile?" (new NotFoundError("Could not open the file at /tmp/rust_mozprofileT0XVWx/search.json.mozlz4", (void 0)))
1633077888270	Marionette	INFO	Listening on port 43107
1633077888352	RemoteAgent	WARN	TLS certificate errors will be ignored for this session
JavaScript warning: https://www.googletagmanager.com/gtm.js?id=GTM-NH7H68, line 366: unreachable code after return statement
1633077894316	Marionette	WARN	Ignoring event 'pageshow' because document has an invalid readyState of 'interactive'.
1633077962137	Marionette	INFO	Stopped listening on port 43107
JavaScript error: resource:///modules/Interactions.jsm, line 230: NS_ERROR_FAILURE: Component returned failure code: 0x80004005 (NS_ERROR_FAILURE) [nsIUserIdleService.removeIdleObserver]

###!!! [Parent][RunMessage] Error: Channel closing: too late to send/recv, messages will be lost

1633078168297	geckodriver	INFO	Listening on 127.0.0.1:36275
1633078168301	mozrunner::runner	INFO	Running command: "/usr/bin/firefox" "--marionette" "-foreground" "-no-remote" "-profile" "/tmp/rust_mozprofilebngEYV"
1633078170667	Marionette	INFO	Marionette enabled
console.warn: SearchSettings: "get: No settings file exists, new profile?" (new NotFoundError("Could not open the file at /tmp/rust_mozprofilebngEYV/search.json.mozlz4", (void 0)))
1633078172510	Marionette	INFO	Listening on port 34383
1633078172625	RemoteAgent	WARN	TLS certificate errors will be ignored for this session
JavaScript warning: https://www.googletagmanager.com/gtm.js?id=GTM-NH7H68, line 370: unreachable code after return statement
1633078179026	Marionette	WARN	Ignoring event 'pageshow' because document has an invalid readyState of 'interactive'.
1633078197758	Marionette	WARN	Ignoring event 'pageshow' because document has an invalid readyState of 'uninitialized'.
1633078212993	Marionette	INFO	Stopped listening on port 34383
JavaScript error: resource:///modules/Interactions.jsm, line 230: NS_ERROR_FAILURE: Component returned failure code: 0x80004005 (NS_ERROR_FAILURE) [nsIUserIdleService.removeIdleObserver]

###!!! [Parent][RunMessage] Error: Channel closing: too late to send/recv, messages will be lost

1633078308339	geckodriver	INFO	Listening on 127.0.0.1:33555
1633078308342	mozrunner::runner	INFO	Running command: "/usr/bin/firefox" "--marionette" "-foreground" "-no-remote" "-profile" "/tmp/rust_mozprofilejZAjgO"
1633078310728	Marionette	INFO	Marionette enabled
console.warn: SearchSettings: "get: No settings file exists, new profile?" (new NotFoundError("Could not open the file at /tmp/rust_mozprofilejZAjgO/search.json.mozlz4", (void 0)))
1633078312307	Marionette	INFO	Listening on port 45703
1633078312378	RemoteAgent	WARN	TLS certificate errors will be ignored for this session
JavaScript warning: https://www.googletagmanager.com/gtm.js?id=GTM-NH7H68, line 370: unreachable code after return statement
1633078318313	Marionette	WARN	Ignoring event 'pageshow' because document has an invalid readyState of 'interactive'.
1633078327177	Marionette	WARN	Ignoring event 'pageshow' because document has an invalid readyState of 'uninitialized'.
1633078423043	Marionette	INFO	Stopped listening on port 45703
JavaScript error: resource:///modules/Interactions.jsm, line 230: NS_ERROR_FAILURE: Component returned failure code: 0x80004005 (NS_ERROR_FAILURE) [nsIUserIdleService.removeIdleObserver]
1633078530645	geckodriver	INFO	Listening on 127.0.0.1:37463
1633078530649	mozrunner::runner	INFO	Running command: "/usr/bin/firefox" "--marionette" "-foreground" "-no-remote" "-profile" "/tmp/rust_mozprofileHQeIuz"
1633078533029	Marionette	INFO	Marionette enabled
console.warn: SearchSettings: "get: No settings file exists, new profile?" (new NotFoundError("Could not open the file at /tmp/rust_mozprofileHQeIuz/search.json.mozlz4", (void 0)))
1633078534347	Marionette	INFO	Listening on port 46555
1633078534391	RemoteAgent	WARN	TLS certificate errors will be ignored for this session
JavaScript warning: https://www.googletagmanager.com/gtm.js?id=GTM-NH7H68, line 366: unreachable code after return statement
1633078539990	Marionette	WARN	Ignoring event 'pageshow' because document has an invalid readyState of 'interactive'.
1633078541927	Marionette	WARN	Ignoring event 'pageshow' because document has an invalid readyState of 'uninitialized'.
1633078554801	Marionette	INFO	Stopped listening on port 46555
JavaScript error: resource:///modules/Interactions.jsm, line 230: NS_ERROR_FAILURE: Component returned failure code: 0x80004005 (NS_ERROR_FAILURE) [nsIUserIdleService.removeIdleObserver]
1633079322339	geckodriver	INFO	Listening on 127.0.0.1:49809
1633079322342	mozrunner::runner	INFO	Running command: "/usr/bin/firefox" "--marionette" "-foreground" "-no-remote" "-profile" "/tmp/rust_mozprofileFJcvdJ"
1633079324834	Marionette	INFO	Marionette enabled
console.warn: SearchSettings: "get: No settings file exists, new profile?" (new NotFoundError("Could not open the file at /tmp/rust_mozprofileFJcvdJ/search.json.mozlz4", (void 0)))
1633079326330	Marionette	INFO	Listening on port 44303
1633079326361	RemoteAgent	WARN	TLS certificate errors will be ignored for this session
JavaScript warning: https://www.googletagmanager.com/gtm.js?id=GTM-NH7H68, line 370: unreachable code after return statement
1633079332433	Marionette	WARN	Ignoring event 'pageshow' because document has an invalid readyState of 'interactive'.
1633079422895	Marionette	INFO	Stopped listening on port 44303
JavaScript error: resource:///modules/Interactions.jsm, line 230: NS_ERROR_FAILURE: Component returned failure code: 0x80004005 (NS_ERROR_FAILURE) [nsIUserIdleService.removeIdleObserver]
1633080528829	geckodriver	INFO	Listening on 127.0.0.1:50259
1633080528832	mozrunner::runner	INFO	Running command: "/usr/bin/firefox" "--marionette" "-foreground" "-no-remote" "-profile" "/tmp/rust_mozprofiletseRUM"
1633080531540	Marionette	INFO	Marionette enabled
console.warn: SearchSettings: "get: No settings file exists, new profile?" (new NotFoundError("Could not open the file at /tmp/rust_mozprofiletseRUM/search.json.mozlz4", (void 0)))
1633080532989	Marionette	INFO	Listening on port 36769
1633080533058	RemoteAgent	WARN	TLS certificate errors will be ignored for this session
JavaScript warning: https://www.googletagmanager.com/gtm.js?id=GTM-NH7H68, line 366: unreachable code after return statement
1633080539296	Marionette	WARN	Ignoring event 'pageshow' because document has an invalid readyState of 'interactive'.
1633080570427	Marionette	INFO	Stopped listening on port 36769
JavaScript error: resource:///modules/Interactions.jsm, line 230: NS_ERROR_FAILURE: Component returned failure code: 0x80004005 (NS_ERROR_FAILURE) [nsIUserIdleService.removeIdleObserver]

###!!! [Parent][RunMessage] Error: Channel closing: too late to send/recv, messages will be lost

1633080578451	geckodriver	INFO	Listening on 127.0.0.1:43407
1633080578455	mozrunner::runner	INFO	Running command: "/usr/bin/firefox" "--marionette" "-foreground" "-no-remote" "-profile" "/tmp/rust_mozprofile8KcZu7"
1633080581204	Marionette	INFO	Marionette enabled
console.warn: SearchSettings: "get: No settings file exists, new profile?" (new NotFoundError("Could not open the file at /tmp/rust_mozprofile8KcZu7/search.json.mozlz4", (void 0)))
1633080582517	Marionette	INFO	Listening on port 34339
1633080582575	RemoteAgent	WARN	TLS certificate errors will be ignored for this session
JavaScript warning: https://www.googletagmanager.com/gtm.js?id=GTM-NH7H68, line 366: unreachable code after return statement
1633080588436	Marionette	WARN	Ignoring event 'pageshow' because document has an invalid readyState of 'interactive'.
1633080678691	Marionette	INFO	Stopped listening on port 34339
JavaScript error: resource:///modules/Interactions.jsm, line 230: NS_ERROR_FAILURE: Component returned failure code: 0x80004005 (NS_ERROR_FAILURE) [nsIUserIdleService.removeIdleObserver]

###!!! [Child][RunMessage] Error: Channel closing: too late to send/recv, messages will be lost

1633082868523	geckodriver	INFO	Listening on 127.0.0.1:44921
1633082868526	mozrunner::runner	INFO	Running command: "/usr/bin/firefox" "--marionette" "-foreground" "-no-remote" "-profile" "/tmp/rust_mozprofileVWIrg0"
1633082871151	Marionette	INFO	Marionette enabled
console.warn: SearchSettings: "get: No settings file exists, new profile?" (new NotFoundError("Could not open the file at /tmp/rust_mozprofileVWIrg0/search.json.mozlz4", (void 0)))
1633082872389	Marionette	INFO	Listening on port 41515
1633082872451	RemoteAgent	WARN	TLS certificate errors will be ignored for this session
JavaScript warning: https://www.googletagmanager.com/gtm.js?id=GTM-NH7H68, line 366: unreachable code after return statement
1633082878321	Marionette	WARN	Ignoring event 'pageshow' because document has an invalid readyState of 'interactive'.
1633082910696	Marionette	INFO	Stopped listening on port 41515
JavaScript error: resource:///modules/Interactions.jsm, line 230: NS_ERROR_FAILURE: Component returned failure code: 0x80004005 (NS_ERROR_FAILURE) [nsIUserIdleService.removeIdleObserver]

###!!! [Parent][RunMessage] Error: Channel closing: too late to send/recv, messages will be lost

